[global]

	workgroup = srv
	server string = SRV
	netbios name = srv
	username level = 2

	local master = yes
	os level = 100
	preferred master = yes
	wins support = yes

	##Nível de segurança
	security = user
	encrypt passwords = yes
	### Comentar invalid user quando não for fazer upload de drives
	invalid users = root
	admin users = root, @adm, suporte, myuser
	# hosts allow = 192.168.1.

	create mask = 0664
	directory mask = 2755
	force create mode = 0664
	force directory mode = 2755

	### Impressão
	printing = cups
	load printers = yes

	#Caminho do Log do Samba
	log file = /var/log/samba/log.%m
	log level = 1
	max log size = 100
	# debug level = 2

[printers]
	comment = Todas as impressoras
	path = /var/spool/samba
	browseable = yes
	printable = yes
	guest ok = yes
	read only = yes
	create mask = 0700
	write list = root, @adm, @wheel, @lp-adm, myuser

[print$]
	comment = Drivers das impressorass
	path = /var/lib/samba/printers
	browseable = yes
	read only = yes
	guest ok = yes
	write list = @adm, root, +Admins, +Domain Admins, myuser

#[homes]
#	comment = Diretório home do usuário
#	browseable = no
#	create mask = 0700
#	directory mask = 2700
#	force user = %U
#	force create mode = 0774
#	force directory mode = 2775
#	valid users = %S
#	writable = no
	#   hosts deny = 192.168.1.2

[Arquivos]
	path = /shared/
	comment = Compartilhamento de mídia acessível
	writable = yes
	browseable = yes
	write list = @adm, @wheel, user
	valid users = user
	create mask = 0774
	directory mask = 2775
	force group = users
	force create mode = 0774
	force directory mode = 2775
	# public = no

# Se você precisar criar manualmente a pasta, o comando para setar as permissões corretamente é:
# chmod 1777 /var/spool/samba/